Release 14.7 - xst P.20131013 (nt)
Copyright (c) 1995-2013 Xilinx, Inc.  All rights reserved.
--> Parameter TMPDIR set to xst/projnav.tmp


Total REAL time to Xst completion: 0.00 secs
Total CPU time to Xst completion: 0.09 secs
 
--> Parameter xsthdpdir set to xst


Total REAL time to Xst completion: 0.00 secs
Total CPU time to Xst completion: 0.10 secs
 
--> Reading design: spi_if.prj

TABLE OF CONTENTS
  1) Synthesis Options Summary
  2) HDL Parsing
  3) HDL Elaboration
  4) HDL Synthesis
       4.1) HDL Synthesis Report
  5) Advanced HDL Synthesis
       5.1) Advanced HDL Synthesis Report
  6) Low Level Synthesis
  7) Partition Report
  8) Design Summary
       8.1) Primitive and Black Box Usage
       8.2) Device utilization summary
       8.3) Partition Resource Summary
       8.4) Timing Report
            8.4.1) Clock Information
            8.4.2) Asynchronous Control Signals Information
            8.4.3) Timing Summary
            8.4.4) Timing Details
            8.4.5) Cross Clock Domains Report


=========================================================================
*                      Synthesis Options Summary                        *
=========================================================================
---- Source Parameters
Input File Name                    : "spi_if.prj"
Ignore Synthesis Constraint File   : NO

---- Target Parameters
Output File Name                   : "spi_if"
Output Format                      : NGC
Target Device                      : xc6slx9-3-tqg144

---- Source Options
Top Module Name                    : spi_if
Automatic FSM Extraction           : YES
FSM Encoding Algorithm             : Auto
Safe Implementation                : No
FSM Style                          : LUT
RAM Extraction                     : Yes
RAM Style                          : Auto
ROM Extraction                     : Yes
Shift Register Extraction          : YES
ROM Style                          : Auto
Resource Sharing                   : YES
Asynchronous To Synchronous        : NO
Shift Register Minimum Size        : 2
Use DSP Block                      : Auto
Automatic Register Balancing       : No

---- Target Options
LUT Combining                      : Auto
Reduce Control Sets                : Auto
Add IO Buffers                     : YES
Global Maximum Fanout              : 100000
Add Generic Clock Buffer(BUFG)     : 16
Register Duplication               : YES
Optimize Instantiated Primitives   : NO
Use Clock Enable                   : Auto
Use Synchronous Set                : Auto
Use Synchronous Reset              : Auto
Pack IO Registers into IOBs        : Auto
Equivalent register Removal        : YES

---- General Options
Optimization Goal                  : Speed
Optimization Effort                : 1
Power Reduction                    : NO
Keep Hierarchy                     : No
Netlist Hierarchy                  : As_Optimized
RTL Output                         : Yes
Global Optimization                : AllClockNets
Read Cores                         : YES
Write Timing Constraints           : NO
Cross Clock Analysis               : NO
Hierarchy Separator                : /
Bus Delimiter                      : <>
Case Specifier                     : Maintain
Slice Utilization Ratio            : 100
BRAM Utilization Ratio             : 100
DSP48 Utilization Ratio            : 100
Auto BRAM Packing                  : NO
Slice Utilization Ratio Delta      : 5

=========================================================================


=========================================================================
*                          HDL Parsing                                  *
=========================================================================
Analyzing Verilog file "\\vboxsvr\ra\ambaspi\spi_shr.v" into library work
Parsing module <spi_shr>.
Analyzing Verilog file "\\vboxsvr\ra\ambaspi\config.v" into library work
Parsing module <cfg>.
Analyzing Verilog file "\\vboxsvr\ra\ambaspi\spi_if.v" into library work
Parsing module <spi_if>.

=========================================================================
*                            HDL Elaboration                            *
=========================================================================

Elaborating module <spi_if>.
WARNING:HDLCompiler:413 - "\\vboxsvr\ra\ambaspi\spi_if.v" Line 59: Result of 5-bit expression is truncated to fit in 4-bit target.
WARNING:HDLCompiler:604 - "\\vboxsvr\ra\ambaspi\spi_if.v" Line 77: Module instantiation should have an instance name

Elaborating module <cfg>.
WARNING:HDLCompiler:1127 - "\\vboxsvr\ra\ambaspi\spi_if.v" Line 83: Assignment to irq_en ignored, since the identifier is never used
WARNING:HDLCompiler:1127 - "\\vboxsvr\ra\ambaspi\spi_if.v" Line 85: Assignment to mode ignored, since the identifier is never used
WARNING:HDLCompiler:604 - "\\vboxsvr\ra\ambaspi\spi_if.v" Line 88: Module instantiation should have an instance name

Elaborating module <spi_shr>.
WARNING:HDLCompiler:413 - "\\vboxsvr\ra\ambaspi\spi_shr.v" Line 41: Result of 16-bit expression is truncated to fit in 9-bit target.
WARNING:HDLCompiler:1127 - "\\vboxsvr\ra\ambaspi\spi_shr.v" Line 44: Assignment to dout ignored, since the identifier is never used
WARNING:HDLCompiler:1127 - "\\vboxsvr\ra\ambaspi\spi_shr.v" Line 45: Assignment to out ignored, since the identifier is never used
WARNING:HDLCompiler:1499 - "\\vboxsvr\ra\ambaspi\spi_shr.v" Line 21: Empty module <spi_shr> remains a black box.
WARNING:HDLCompiler:413 - "\\vboxsvr\ra\ambaspi\spi_if.v" Line 129: Result of 32-bit expression is truncated to fit in 3-bit target.
WARNING:Xst:2972 - "\\vboxsvr\ra\ambaspi\spi_if.v" line 88. All outputs of instance <_i000009> of block <spi_shr> are unconnected in block <spi_if>. Underlying logic will be removed.

=========================================================================
*                           HDL Synthesis                               *
=========================================================================

Synthesizing Unit <spi_if>.
    Related source file is "\\vboxsvr\ra\ambaspi\spi_if.v".
        S_IDLE = 4'b0000
        S_START = 4'b0001
        S_TRANSMIT = 4'b0010
        S_DONE = 4'b0011
WARNING:Xst:647 - Input <rd> is never used. This port will be preserved and left unconnected if it belongs to a top-level block or it belongs to a sub-block and the hierarchy of this sub-block is preserved.
INFO:Xst:3210 - "\\vboxsvr\ra\ambaspi\spi_if.v" line 77: Output port <mode> of the instance <_i000008> is unconnected or connected to loadless signal.
INFO:Xst:3210 - "\\vboxsvr\ra\ambaspi\spi_if.v" line 77: Output port <irq_en> of the instance <_i000008> is unconnected or connected to loadless signal.
WARNING:Xst:653 - Signal <dout> is used but never assigned. This sourceless signal will be automatically connected to value GND.
WARNING:Xst:653 - Signal <mosi> is used but never assigned. This sourceless signal will be automatically connected to value GND.
    Found 1-bit register for signal <clock_last>.
    Found 4-bit register for signal <state>.
    Found 3-bit register for signal <bit_cntr>.
    Found 1-bit register for signal <csn>.
    Found 4-bit register for signal <clock_cntr>.
    Found finite state machine <FSM_0> for signal <state>.
    -----------------------------------------------------------------------
    | States             | 2                                              |
    | Transitions        | 4                                              |
    | Inputs             | 2                                              |
    | Outputs            | 1                                              |
    | Clock              | clk (rising_edge)                              |
    | Encoding           | auto                                           |
    | Implementation     | LUT                                            |
    -----------------------------------------------------------------------
    Found 4-bit adder for signal <clock_cntr[3]_GND_1_o_add_1_OUT> created at line 59.
    Found 3-bit subtractor for signal <GND_1_o_GND_1_o_sub_17_OUT<2:0>> created at line 129.
    Found 1-bit 4-to-1 multiplexer for signal <clock> created at line 62.
    Summary:
	inferred   2 Adder/Subtractor(s).
	inferred   9 D-type flip-flop(s).
	inferred   1 Multiplexer(s).
	inferred   1 Finite State Machine(s).
Unit <spi_if> synthesized.

Synthesizing Unit <cfg>.
    Related source file is "\\vboxsvr\ra\ambaspi\config.v".
    Found 8-bit register for signal <cfg_reg>.
    Summary:
	inferred   8 D-type flip-flop(s).
Unit <cfg> synthesized.

=========================================================================
HDL Synthesis Report

Macro Statistics
# Adders/Subtractors                                   : 2
 3-bit subtractor                                      : 1
 4-bit adder                                           : 1
# Registers                                            : 5
 1-bit register                                        : 2
 3-bit register                                        : 1
 4-bit register                                        : 1
 8-bit register                                        : 1
# Multiplexers                                         : 1
 1-bit 4-to-1 multiplexer                              : 1
# FSMs                                                 : 1

=========================================================================

=========================================================================
*                       Advanced HDL Synthesis                          *
=========================================================================

WARNING:Xst:1710 - FF/Latch <csn> (without init value) has a constant value of 0 in block <spi_if>. This FF/Latch will be trimmed during the optimization process.
WARNING:Xst:2677 - Node <cfg_reg_0> of sequential type is unconnected in block <_i000008>.
WARNING:Xst:2677 - Node <cfg_reg_1> of sequential type is unconnected in block <_i000008>.
WARNING:Xst:2677 - Node <cfg_reg_4> of sequential type is unconnected in block <_i000008>.
WARNING:Xst:2677 - Node <cfg_reg_7> of sequential type is unconnected in block <_i000008>.
WARNING:Xst:1898 - Due to constant pushing, FF/Latch <cfg_reg_3> is unconnected in block <_i000008>.
WARNING:Xst:1898 - Due to constant pushing, FF/Latch <cfg_reg_2> is unconnected in block <_i000008>.

Synthesizing (advanced) Unit <spi_if>.
The following registers are absorbed into counter <clock_cntr>: 1 register on signal <clock_cntr>.
The following registers are absorbed into counter <bit_cntr>: 1 register on signal <bit_cntr>.
Unit <spi_if> synthesized (advanced).

=========================================================================
Advanced HDL Synthesis Report

Macro Statistics
# Counters                                             : 2
 3-bit down counter                                    : 1
 4-bit up counter                                      : 1
# Registers                                            : 10
 Flip-Flops                                            : 10
# Multiplexers                                         : 1
 1-bit 4-to-1 multiplexer                              : 1
# FSMs                                                 : 1

=========================================================================

=========================================================================
*                         Low Level Synthesis                           *
=========================================================================
WARNING:Xst:1710 - FF/Latch <csn> (without init value) has a constant value of 0 in block <spi_if>. This FF/Latch will be trimmed during the optimization process.
WARNING:Xst:2973 - All outputs of instance <_i000008> of block <cfg> are unconnected in block <spi_if>. Underlying logic will be removed.
WARNING:Xst:2677 - Node <clock_last> of sequential type is unconnected in block <spi_if>.

Optimizing unit <spi_if> ...

Optimizing unit <cfg> ...

Mapping all equations...
Building and optimizing final netlist ...
Found area constraint ratio of 100 (+ 5) on block spi_if, actual ratio is 0.

Final Macro Processing ...

=========================================================================
Final Register Report

Found no macro
=========================================================================

=========================================================================
*                           Partition Report                            *
=========================================================================

Partition Implementation Status
-------------------------------

  No Partitions were found in this design.

-------------------------------

=========================================================================
*                            Design Summary                             *
=========================================================================

Top Level Output File Name         : spi_if.ngc

Primitive and Black Box Usage:
------------------------------
# BELS                             : 1
#      GND                         : 1
# IO Buffers                       : 13
#      OBUF                        : 13

Device utilization summary:
---------------------------

Selected Device : 6slx9tqg144-3 


Slice Logic Utilization: 

Slice Logic Distribution: 
 Number of LUT Flip Flop pairs used:      0
   Number with an unused Flip Flop:       0  out of      0         
   Number with an unused LUT:             0  out of      0         
   Number of fully used LUT-FF pairs:     0  out of      0         
   Number of unique control sets:         0

IO Utilization: 
 Number of IOs:                          29
 Number of bonded IOBs:                  13  out of    102    12%  

Specific Feature Utilization:

---------------------------
Partition Resource Summary:
---------------------------

  No Partitions were found in this design.

---------------------------


=========================================================================
Timing Report

NOTE: THESE TIMING NUMBERS ARE ONLY A SYNTHESIS ESTIMATE.
      FOR ACCURATE TIMING INFORMATION PLEASE REFER TO THE TRACE REPORT
      GENERATED AFTER PLACE-and-ROUTE.

Clock Information:
------------------
No clock signals found in this design

Asynchronous Control Signals Information:
----------------------------------------
No asynchronous control signals found in this design

Timing Summary:
---------------
Speed Grade: -3

   Minimum period: No path found
   Minimum input arrival time before clock: No path found
   Maximum output required time after clock: No path found
   Maximum combinational path delay: No path found

Timing Details:
---------------
All values displayed in nanoseconds (ns)

=========================================================================

Cross Clock Domains Report:
--------------------------

=========================================================================


Total REAL time to Xst completion: 4.00 secs
Total CPU time to Xst completion: 4.13 secs
 
--> 

Total memory usage is 146540 kilobytes

Number of errors   :    0 (   0 filtered)
Number of warnings :   24 (   0 filtered)
Number of infos    :    2 (   0 filtered)

